#
# There is insufficient memory for the Java Runtime Environment to continue.
# Native memory allocation (mmap) failed to map 125829120 bytes for Failed to commit area from 0x0000000089200000 to 0x0000000090a00000 of length 125829120.
# Possible reasons:
#   The system is out of physical RAM or swap space
#   The process is running with CompressedOops enabled, and the Java Heap may be blocking the growth of the native heap
# Possible solutions:
#   Reduce memory load on the system
#   Increase physical memory or swap space
#   Check if swap backing store is full
#   Decrease Java heap size (-Xmx/-Xms)
#   Decrease number of Java threads
#   Decrease Java thread stack sizes (-Xss)
#   Set larger code cache with -XX:ReservedCodeCacheSize=
# This output file may be truncated or incomplete.
#
#  Out of Memory Error (./src/hotspot/os/windows/os_windows.cpp:3619), pid=15244, tid=13196
#
# JRE version:  (11.0.13) (build )
# Java VM: OpenJDK 64-Bit Server VM (11.0.13+0-b1751.21-8125866, mixed mode, sharing, tiered, compressed oops, g1 gc, windows-amd64)
# No core dump will be written. Minidumps are not enabled by default on client versions of Windows
#

---------------  S U M M A R Y ------------

Command Line: git4idea.http.GitAskPassApp Username for 'https://github.com': 

Host: AMD Ryzen 7 4800H with Radeon Graphics         , 16 cores, 7G,  Windows 11 , 64 bit Build 22000 (10.0.22000.1219)
Time: Wed Dec  7 10:00:13 2022 SE Asia Standard Time elapsed time: 0.015538 seconds (0d 0h 0m 0s)

---------------  T H R E A D  ---------------

Current thread (0x00000269cb930800):  JavaThread "Unknown thread" [_thread_in_vm, id=13196, stack(0x0000009bd9600000,0x0000009bd9700000)]

Stack: [0x0000009bd9600000,0x0000009bd9700000]
Native frames: (J=compiled Java code, j=interpreted, Vv=VM code, C=native code)
V  [jvm.dll+0x6100fa]
V  [jvm.dll+0x747090]
V  [jvm.dll+0x7486ad]
V  [jvm.dll+0x748d83]
V  [jvm.dll+0x24ab48]
V  [jvm.dll+0x60d164]
V  [jvm.dll+0x601e75]
V  [jvm.dll+0x308bdb]
V  [jvm.dll+0x308b4a]
V  [jvm.dll+0x308a22]
V  [jvm.dll+0x30d986]
V  [jvm.dll+0x357093]
V  [jvm.dll+0x357796]
V  [jvm.dll+0x357193]
V  [jvm.dll+0x2e3448]
V  [jvm.dll+0x2e45f7]
V  [jvm.dll+0x7242e7]
V  [jvm.dll+0x725adc]
V  [jvm.dll+0x364629]
V  [jvm.dll+0x707cee]
V  [jvm.dll+0x3d2633]
V  [jvm.dll+0x3d4a21]
C  [jli.dll+0x536b]
C  [ucrtbase.dll+0x26c0c]
C  [KERNEL32.DLL+0x15550]
C  [ntdll.dll+0x485b]


---------------  P R O C E S S  ---------------

Threads class SMR info:
_java_thread_list=0x00000269c96a4a90, length=0, elements={
}

Java Threads: ( => current thread )

Other Threads:
  0x00000269cb94a000 GCTaskThread "GC Thread#0" [stack: 0x0000009bd9700000,0x0000009bd9800000] [id=6872]
  0x00000269cb978800 ConcurrentGCThread "G1 Main Marker" [stack: 0x0000009bd9800000,0x0000009bd9900000] [id=22792]
  0x00000269cb97b800 ConcurrentGCThread "G1 Conc#0" [stack: 0x0000009bd9900000,0x0000009bd9a00000] [id=13140]

[error occurred during error reporting (printing all threads), id 0xc0000005, EXCEPTION_ACCESS_VIOLATION (0xc0000005) at pc=0x00007ff9ead63dd7]

VM state:not at safepoint (not fully initialized)

VM Mutex/Monitor currently owned by a thread:  ([mutex/lock_event])
[0x00000269cb92c180] Heap_lock - owner thread: 0x00000269cb930800

Heap address: 0x0000000089200000, size: 1902 MB, Compressed Oops mode: Non-zero based: 0x0000000089200000
Narrow klass base: 0x0000000000000000, Narrow klass shift: 0

GC Heap History (0 events):
No events

Deoptimization events (0 events):
No events

Classes redefined (0 events):
No events

Internal exceptions (0 events):
No events

Events (1 events):
Event: 0.006 Loaded shared library C:\Program Files\Android\Android Studio\jre\bin\zip.dll


Dynamic libraries:
0x00007ff7fcdc0000 - 0x00007ff7fcdca000 	C:\Program Files\Android\Android Studio\jre\bin\java.exe
0x00007ffa78640000 - 0x00007ffa78849000 	C:\WINDOWS\SYSTEM32\ntdll.dll
0x00007ffa77530000 - 0x00007ffa775ee000 	C:\WINDOWS\System32\KERNEL32.DLL
0x00007ffa75ff0000 - 0x00007ffa7636b000 	C:\WINDOWS\System32\KERNELBASE.dll
0x00007ffa75ce0000 - 0x00007ffa75df1000 	C:\WINDOWS\System32\ucrtbase.dll
0x00007ffa47d60000 - 0x00007ffa47d77000 	C:\Program Files\Android\Android Studio\jre\bin\VCRUNTIME140.dll
0x00007ffa57840000 - 0x00007ffa57859000 	C:\Program Files\Android\Android Studio\jre\bin\jli.dll
0x00007ffa77720000 - 0x00007ffa778cd000 	C:\WINDOWS\System32\USER32.dll
0x00007ffa76370000 - 0x00007ffa76396000 	C:\WINDOWS\System32\win32u.dll
0x00007ffa78410000 - 0x00007ffa78439000 	C:\WINDOWS\System32\GDI32.dll
0x00007ffa763a0000 - 0x00007ffa764b8000 	C:\WINDOWS\System32\gdi32full.dll
0x00007ffa61a40000 - 0x00007ffa61ce5000 	C:\WINDOWS\WinSxS\amd64_microsoft.windows.common-controls_6595b64144ccf1df_6.0.22000.120_none_9d947278b86cc467\COMCTL32.dll
0x00007ffa75c40000 - 0x00007ffa75cdd000 	C:\WINDOWS\System32\msvcp_win.dll
0x00007ffa76f40000 - 0x00007ffa76fe3000 	C:\WINDOWS\System32\msvcrt.dll
0x00007ffa77680000 - 0x00007ffa776b2000 	C:\WINDOWS\System32\IMM32.DLL
0x00007ffa40a90000 - 0x00007ffa40b2d000 	C:\Program Files\Android\Android Studio\jre\bin\msvcp140.dll
0x00007ff9eaa70000 - 0x00007ff9eb572000 	C:\Program Files\Android\Android Studio\jre\bin\server\jvm.dll
0x00007ffa76a50000 - 0x00007ffa76afe000 	C:\WINDOWS\System32\ADVAPI32.dll
0x00007ffa78440000 - 0x00007ffa784de000 	C:\WINDOWS\System32\sechost.dll
0x00007ffa784e0000 - 0x00007ffa78600000 	C:\WINDOWS\System32\RPCRT4.dll
0x00007ffa764e0000 - 0x00007ffa764e8000 	C:\WINDOWS\System32\PSAPI.DLL
0x00007ffa6ebf0000 - 0x00007ffa6ebfa000 	C:\WINDOWS\SYSTEM32\VERSION.dll
0x00007ffa62780000 - 0x00007ffa62789000 	C:\WINDOWS\SYSTEM32\WSOCK32.dll
0x00007ffa6d490000 - 0x00007ffa6d4c3000 	C:\WINDOWS\SYSTEM32\WINMM.dll
0x00007ffa76c10000 - 0x00007ffa76c7f000 	C:\WINDOWS\System32\WS2_32.dll
0x00007ffa74c00000 - 0x00007ffa74c18000 	C:\WINDOWS\SYSTEM32\kernel.appcore.dll
0x00007ffa71720000 - 0x00007ffa71731000 	C:\Program Files\Android\Android Studio\jre\bin\verify.dll
0x00007ffa73640000 - 0x00007ffa73861000 	C:\WINDOWS\SYSTEM32\DBGHELP.DLL
0x00007ffa6ad60000 - 0x00007ffa6ad91000 	C:\WINDOWS\SYSTEM32\dbgcore.DLL
0x00007ffa75f70000 - 0x00007ffa75fef000 	C:\WINDOWS\System32\bcryptPrimitives.dll
0x00007ffa716f0000 - 0x00007ffa71719000 	C:\Program Files\Android\Android Studio\jre\bin\java.dll
0x00007ffa716e0000 - 0x00007ffa716eb000 	C:\Program Files\Android\Android Studio\jre\bin\jimage.dll
0x00007ffa5cf90000 - 0x00007ffa5cfa8000 	C:\Program Files\Android\Android Studio\jre\bin\zip.dll

dbghelp: loaded successfully - version: 4.0.5 - missing functions: none
symbol engine: initialized successfully - sym options: 0x614 - pdb path: .;C:\Program Files\Android\Android Studio\jre\bin;C:\WINDOWS\SYSTEM32;C:\WINDOWS\WinSxS\amd64_microsoft.windows.common-controls_6595b64144ccf1df_6.0.22000.120_none_9d947278b86cc467;C:\Program Files\Android\Android Studio\jre\bin\server

VM Arguments:
java_command: git4idea.http.GitAskPassApp Username for 'https://github.com': 
java_class_path (initial): C:/Program Files/Android/Android Studio/plugins/git4idea/lib/git4idea-rt.jar;C:/Program Files/Android/Android Studio/lib/3rd-party.jar;C:/Program Files/Android/Android Studio/lib/3rd-party-rt.jar
Launcher Type: SUN_STANDARD

[Global flags]
     intx CICompilerCount                          = 12                                        {product} {ergonomic}
     uint ConcGCThreads                            = 3                                         {product} {ergonomic}
     uint G1ConcRefinementThreads                  = 13                                        {product} {ergonomic}
   size_t G1HeapRegionSize                         = 1048576                                   {product} {ergonomic}
    uintx GCDrainStackTargetSize                   = 64                                        {product} {ergonomic}
   size_t InitialHeapSize                          = 125829120                                 {product} {ergonomic}
   size_t MarkStackSize                            = 4194304                                   {product} {ergonomic}
   size_t MaxHeapSize                              = 1994391552                                {product} {ergonomic}
   size_t MinHeapDeltaBytes                        = 1048576                                   {product} {ergonomic}
    uintx NonNMethodCodeHeapSize                   = 7594288                                {pd product} {ergonomic}
    uintx NonProfiledCodeHeapSize                  = 122031976                              {pd product} {ergonomic}
    uintx ProfiledCodeHeapSize                     = 122031976                              {pd product} {ergonomic}
    uintx ReservedCodeCacheSize                    = 251658240                              {pd product} {ergonomic}
     bool SegmentedCodeCache                       = true                                      {product} {ergonomic}
     bool UseCompressedClassPointers               = true                                 {lp64_product} {ergonomic}
     bool UseCompressedOops                        = true                                 {lp64_product} {ergonomic}
     bool UseG1GC                                  = true                                      {product} {ergonomic}
     bool UseLargePagesIndividualAllocation        = false                                  {pd product} {ergonomic}

Logging:
Log output configuration:
 #0: stdout all=warning uptime,level,tags
 #1: stderr all=off uptime,level,tags

Environment Variables:
PATH=C:\Program Files\Git\mingw64\libexec\git-core;C:\Program Files\Git\mingw64\libexec\git-core;C:\Program Files\Git\mingw64\bin;C:\Program Files\Git\usr\bin;C:\Users\ASUS\bin;C:\Windows\system32;C:\Windows;C:\Windows\System32\Wbem;C:\Windows\System32\WindowsPowerShell\v1.0;C:\Windows\System32\OpenSSH;C:\Program Files (x86)\NVIDIA Corporation\PhysX\Common;C:\WINDOWS\system32;C:\WINDOWS;C:\WINDOWS\System32\Wbem;C:\WINDOWS\System32\WindowsPowerShell\v1.0;C:\WINDOWS\System32\OpenSSH;C:\Program Files\Git\cmd;C:\Users\ASUS\AppData\Local\Microsoft\WindowsApps;C:\Users\ASUS\AppData\Local\Programs\Microsoft VS Code\bin
USERNAME=ASUS
DISPLAY=:0.0
LC_ALL=en_US.UTF-8
OS=Windows_NT
PROCESSOR_IDENTIFIER=AMD64 Family 23 Model 96 Stepping 1, AuthenticAMD



---------------  S Y S T E M  ---------------

OS: Windows 11 , 64 bit Build 22000 (10.0.22000.1219)
OS uptime: 0 days 23:17 hours

CPU:total 16 (initial active 16) (16 cores per cpu, 2 threads per core) family 23 model 96 stepping 1 microcode 0x0, cmov, cx8, fxsr, mmx, sse, sse2, sse3, ssse3, sse4.1, sse4.2, popcnt, avx, avx2, aes, clmul, mmxext, 3dnowpref, lzcnt, sse4a, ht, tsc, tscinvbit, tscinv, bmi1, bmi2, adx, sha, fma

Memory: 4k page, system-wide physical 7600M (312M free)
TotalPageFile size 31152M (AvailPageFile size 85M)
current process WorkingSet (physical memory assigned to process): 10M, peak: 10M
current process commit charge ("private bytes"): 70M, peak: 190M

vm_info: OpenJDK 64-Bit Server VM (11.0.13+0-b1751.21-8125866) for windows-amd64 JRE (11.0.13+0-b1751.21-8125866), built on Feb  2 2022 03:00:22 by "builder" with MS VC++ 14.0 (VS2015)

END.
